<?xml version="1.0" encoding="UTF-8"?>
<!-- Generated by org.testng.reporters.JUnitReportReporter -->
<testsuite hostname="Sasi" failures="0" tests="2" name="com.booking.TestD" time="0.007" errors="0" timestamp="2021-12-03T06:56:48 IST" skipped="0">
  <testcase classname="com.booking.TestD" name="mul" time="0.001"/>
  <system-out/>
  <testcase classname="com.booking.TestD" name="mul" time="0.006"/>
  <system-out/>
</testsuite> <!-- com.booking.TestD -->
