<?xml version="1.0" encoding="UTF-8"?>
<!-- Generated by org.testng.reporters.JUnitReportReporter -->
<testsuite hostname="Sasi" failures="0" tests="1" name="com.deleteCookies.DemoRadioButton" time="9.704" errors="0" timestamp="2021-12-09T08:35:49 IST" skipped="0">
  <testcase classname="com.deleteCookies.DemoRadioButton" name="selectRadio" time="9.704"/>
  <system-out/>
</testsuite> <!-- com.deleteCookies.DemoRadioButton -->
