<?xml version="1.0" encoding="UTF-8"?>
<!-- Generated by org.testng.reporters.JUnitReportReporter -->
<testsuite hostname="Sasi" failures="0" tests="1" name="com.validateLinks.DemoCreateNewUser" time="46.935" errors="0" timestamp="2021-12-04T08:01:15 IST" skipped="0">
  <testcase classname="com.validateLinks.DemoCreateNewUser" name="getRole" time="46.935"/>
  <system-out/>
</testsuite> <!-- com.validateLinks.DemoCreateNewUser -->
