<?xml version="1.0" encoding="UTF-8"?>
<!-- Generated by org.testng.reporters.JUnitReportReporter -->
<testsuite hostname="Sasi" failures="0" tests="4" name="com.dataProvider.DP_Demo" time="0.011" errors="0" timestamp="2021-12-04T09:12:36 IST" skipped="0">
  <testcase classname="com.dataProvider.DP_Demo" name="testDP" time="0.001"/>
  <system-out/>
  <testcase classname="com.dataProvider.DP_Demo" name="testDP" time="0.007"/>
  <system-out/>
  <testcase classname="com.dataProvider.DP_Demo" name="testDP" time="0.001"/>
  <system-out/>
  <testcase classname="com.dataProvider.DP_Demo" name="testDP" time="0.002"/>
  <system-out/>
</testsuite> <!-- com.dataProvider.DP_Demo -->
