<?xml version="1.0" encoding="UTF-8"?>
<!-- Generated by org.testng.reporters.JUnitReportReporter -->
<testsuite hostname="Sasi" failures="0" tests="1" name="com.printlistitems.DemoPrintListitems" time="23.170" errors="0" timestamp="2021-12-08T08:29:59 IST" skipped="0">
  <testcase classname="com.printlistitems.DemoPrintListitems" name="test" time="23.170"/>
  <system-out/>
</testsuite> <!-- com.printlistitems.DemoPrintListitems -->
