<?xml version="1.0" encoding="UTF-8"?>
<!-- Generated by org.testng.reporters.JUnitReportReporter -->
<testsuite hostname="Sasi" failures="0" tests="1" name="com.params.DemoCreateNewUser" time="48.901" errors="0" timestamp="2021-12-04T08:12:52 IST" skipped="0">
  <testcase classname="com.params.DemoCreateNewUser" name="getRole" time="48.901"/>
  <system-out/>
</testsuite> <!-- com.params.DemoCreateNewUser -->
