<?xml version="1.0" encoding="UTF-8"?>
<!-- Generated by org.testng.reporters.JUnitReportReporter -->
<testsuite hostname="Sasi" failures="0" tests="2" name="com.dec14.tests.TestDemoParallel2" time="17.129" errors="0" timestamp="2021-12-14T09:18:17 IST" skipped="0">
  <testcase classname="com.dec14.tests.TestDemoParallel2" name="test2" time="9.287"/>
  <system-out/>
  <testcase classname="com.dec14.tests.TestDemoParallel2" name="test1" time="7.842"/>
  <system-out/>
</testsuite> <!-- com.dec14.tests.TestDemoParallel2 -->
