<?xml version="1.0" encoding="UTF-8"?>
<!-- Generated by org.testng.reporters.JUnitReportReporter -->
<testsuite hostname="Sasi" failures="0" tests="1" name="com.validateLinks.DemoListVaues" time="15.293" errors="0" timestamp="2021-11-28T12:27:24 IST" skipped="0">
  <testcase classname="com.validateLinks.DemoListVaues" name="getRole" time="15.293"/>
  <system-out/>
</testsuite> <!-- com.validateLinks.DemoListVaues -->
