<?xml version="1.0" encoding="UTF-8"?>
<!-- Generated by org.testng.reporters.JUnitReportReporter -->
<testsuite hostname="Sasi" failures="0" tests="4" name="com.dataProvider.DemoDPInheritance" time="0.009" errors="0" timestamp="2021-12-04T09:19:42 IST" skipped="0">
  <testcase classname="com.dataProvider.DemoDPInheritance" name="test" time="0.005"/>
  <system-out/>
  <testcase classname="com.dataProvider.DemoDPInheritance" name="test" time="0.001"/>
  <system-out/>
  <testcase classname="com.dataProvider.DemoDPInheritance" name="test" time="0.001"/>
  <system-out/>
  <testcase classname="com.dataProvider.DemoDPInheritance" name="test" time="0.002"/>
  <system-out/>
</testsuite> <!-- com.dataProvider.DemoDPInheritance -->
