<?xml version="1.0" encoding="UTF-8"?>
<!-- Generated by org.testng.reporters.JUnitReportReporter -->
<testsuite hostname="Sasi" failures="0" tests="1" name="com.calendar.DoubleClickDemo" time="8.529" errors="0" timestamp="2021-12-13T04:26:07 IST" skipped="0">
  <testcase classname="com.calendar.DoubleClickDemo" name="test" time="8.529"/>
  <system-out/>
</testsuite> <!-- com.calendar.DoubleClickDemo -->
