<?xml version="1.0" encoding="UTF-8"?>
<!-- Generated by org.testng.reporters.JUnitReportReporter -->
<testsuite hostname="Sasi" failures="0" tests="1" name="com.deleteCookies.DemoCheckBoxs" time="8.256" errors="0" timestamp="2021-12-09T07:56:05 IST" skipped="0">
  <testcase classname="com.deleteCookies.DemoCheckBoxs" name="selectCheckBoxes" time="8.256"/>
  <system-out/>
</testsuite> <!-- com.deleteCookies.DemoCheckBoxs -->
