<?xml version="1.0" encoding="UTF-8"?>
<!-- Generated by org.testng.reporters.JUnitReportReporter -->
<testsuite hostname="Sasi" failures="0" tests="3" name="com.dataProvider.ddd" time="0.010" errors="0" timestamp="2021-12-07T08:00:38 IST" skipped="1">
  <testcase classname="com.dataProvider.ddd" name="userCreation" time="0.002"/>
  <system-out/>
  <testcase classname="com.dataProvider.ddd" name="userCreation" time="0.008"/>
  <system-out/>
  <testcase classname="com.dataProvider.ddd" name="test">
    <skipped/>
  </testcase> <!-- test -->
  <system-out/>
</testsuite> <!-- com.dataProvider.ddd -->
