<?xml version="1.0" encoding="UTF-8"?>
<!-- Generated by org.testng.reporters.JUnitReportReporter -->
<testsuite hostname="Sasi" failures="0" tests="1" name="com.testngparamters.demo.DemoOptionParams" time="0.009" errors="0" timestamp="2021-12-03T08:08:18 IST" skipped="0">
  <testcase classname="com.testngparamters.demo.DemoOptionParams" name="test" time="0.009"/>
  <system-out/>
</testsuite> <!-- com.testngparamters.demo.DemoOptionParams -->
