<?xml version="1.0" encoding="UTF-8"?>
<!-- Generated by org.testng.reporters.JUnitReportReporter -->
<testsuite hostname="Sasi" failures="0" tests="2" name="com.testngparamters.demo.DemoPriority" time="0.005" errors="0" timestamp="2021-12-03T08:37:58 IST" skipped="0">
  <testcase classname="com.testngparamters.demo.DemoPriority" name="updateUser" time="0.001"/>
  <system-out/>
  <testcase classname="com.testngparamters.demo.DemoPriority" name="vcreateNewUser" time="0.004"/>
  <system-out/>
</testsuite> <!-- com.testngparamters.demo.DemoPriority -->
