<?xml version="1.0" encoding="UTF-8"?>
<!-- Generated by org.testng.reporters.JUnitReportReporter -->
<testsuite hostname="Sasi" failures="0" tests="1" name="com.xpathdemos.xPathDemo1" time="4.656" errors="0" timestamp="2021-11-29T07:54:55 IST" skipped="0">
  <testcase classname="com.xpathdemos.xPathDemo1" name="testPrintList" time="4.656"/>
  <system-out/>
</testsuite> <!-- com.xpathdemos.xPathDemo1 -->
