<?xml version="1.0" encoding="UTF-8"?>
<!-- Generated by org.testng.reporters.JUnitReportReporter -->
<testsuite hostname="Sasi" failures="0" tests="6" name="com.validateLinks.testAssertFunctions" time="3.712" errors="0" timestamp="2021-11-29T12:08:59 IST" skipped="5">
  <testcase classname="com.validateLinks.testAssertFunctions" name="test2" time="3.712"/>
  <system-out/>
  <testcase classname="com.validateLinks.testAssertFunctions" name="test6">
    <skipped/>
  </testcase> <!-- test6 -->
  <system-out/>
  <testcase classname="com.validateLinks.testAssertFunctions" name="test4">
    <skipped/>
  </testcase> <!-- test4 -->
  <system-out/>
  <testcase classname="com.validateLinks.testAssertFunctions" name="test3">
    <skipped/>
  </testcase> <!-- test3 -->
  <system-out/>
  <testcase classname="com.validateLinks.testAssertFunctions" name="test5">
    <skipped/>
  </testcase> <!-- test5 -->
  <system-out/>
  <testcase classname="com.validateLinks.testAssertFunctions" name="test1">
    <skipped/>
  </testcase> <!-- test1 -->
  <system-out/>
</testsuite> <!-- com.validateLinks.testAssertFunctions -->
