<?xml version="1.0" encoding="UTF-8"?>
<!-- Generated by org.testng.reporters.JUnitReportReporter -->
<testsuite hostname="Sasi" failures="0" tests="2" name="com.dec15.testsclass.ParallelTestDemo2" time="28.548" errors="0" timestamp="2021-12-15T08:02:53 IST" skipped="0">
  <testcase classname="com.dec15.testsclass.ParallelTestDemo2" name="test2" time="17.884"/>
  <system-out/>
  <testcase classname="com.dec15.testsclass.ParallelTestDemo2" name="test1" time="10.664"/>
  <system-out/>
</testsuite> <!-- com.dec15.testsclass.ParallelTestDemo2 -->
