<?xml version="1.0" encoding="UTF-8"?>
<!-- Generated by org.testng.reporters.JUnitReportReporter -->
<testsuite hostname="Sasi" failures="0" tests="2" name="com.dec14.tests.TestDemoParallel" time="16.958" errors="0" timestamp="2021-12-14T09:18:17 IST" skipped="0">
  <testcase classname="com.dec14.tests.TestDemoParallel" name="test2" time="9.409"/>
  <system-out/>
  <testcase classname="com.dec14.tests.TestDemoParallel" name="test1" time="7.549"/>
  <system-out/>
</testsuite> <!-- com.dec14.tests.TestDemoParallel -->
