<?xml version="1.0" encoding="UTF-8"?>
<!-- Generated by org.testng.reporters.JUnitReportReporter -->
<testsuite hostname="Sasi" failures="0" tests="1" name="com.validateLinks.ValidateLinksDemo" time="208.681" errors="0" timestamp="2021-11-27T09:52:19 IST" skipped="0">
  <testcase classname="com.validateLinks.ValidateLinksDemo" name="test" time="208.681"/>
  <system-out/>
</testsuite> <!-- com.validateLinks.ValidateLinksDemo -->
