<?xml version="1.0" encoding="UTF-8"?>
<!-- Generated by org.testng.reporters.JUnitReportReporter -->
<testsuite hostname="Sasi" failures="0" tests="1" name="com.example.Test1" time="0.006" errors="0" timestamp="2021-12-08T06:58:58 IST" skipped="0">
  <testcase classname="com.example.Test1" name="test" time="0.006"/>
  <system-out/>
</testsuite> <!-- com.example.Test1 -->
