<?xml version="1.0" encoding="UTF-8"?>
<!-- Generated by org.testng.reporters.JUnitReportReporter -->
<testsuite hostname="Sasi" failures="0" tests="3" name="com.testng.groups.DemoTestngGroups" time="0.010" errors="0" timestamp="2021-12-01T08:15:35 IST" skipped="0">
  <testcase classname="com.testng.groups.DemoTestngGroups" name="test5" time="0.001"/>
  <system-out/>
  <testcase classname="com.testng.groups.DemoTestngGroups" name="test4" time="0.001"/>
  <system-out/>
  <testcase classname="com.testng.groups.DemoTestngGroups" name="test3" time="0.008"/>
  <system-out/>
</testsuite> <!-- com.testng.groups.DemoTestngGroups -->
