<?xml version="1.0" encoding="UTF-8"?>
<!-- Generated by org.testng.reporters.JUnitReportReporter -->
<testsuite hostname="Sasi" failures="0" tests="2" name="com.testngparamters.demo.DemoParameters" time="7.311" errors="0" timestamp="2021-12-03T07:45:00 IST" skipped="1">
  <testcase classname="com.testngparamters.demo.DemoParameters" name="testP" time="7.311"/>
  <system-out/>
  <testcase classname="com.testngparamters.demo.DemoParameters" name="getRole">
    <skipped/>
  </testcase> <!-- getRole -->
  <system-out/>
</testsuite> <!-- com.testngparamters.demo.DemoParameters -->
