<?xml version="1.0" encoding="UTF-8"?>
<!-- Generated by org.testng.reporters.JUnitReportReporter -->
<testsuite hostname="Sasi" failures="0" tests="2" name="com.dec14.tests.parallelDemo" time="0.006" errors="0" timestamp="2021-12-14T07:26:02 IST" skipped="1">
  <testcase classname="com.dec14.tests.parallelDemo" name="test" time="0.006"/>
  <system-out/>
  <testcase classname="com.dec14.tests.parallelDemo" name="testServer">
    <skipped/>
  </testcase> <!-- testServer -->
  <system-out/>
</testsuite> <!-- com.dec14.tests.parallelDemo -->
