<?xml version="1.0" encoding="UTF-8"?>
<!-- Generated by org.testng.reporters.JUnitReportReporter -->
<testsuite hostname="Sasi" failures="0" tests="2" name="com.validateLinks.DemoAssertNull" time="3.506" errors="0" timestamp="2021-11-29T12:15:09 IST" skipped="1">
  <testcase classname="com.validateLinks.DemoAssertNull" name="demoAssertNotNull" time="3.506"/>
  <system-out/>
  <testcase classname="com.validateLinks.DemoAssertNull" name="demoAssertNull">
    <skipped/>
  </testcase> <!-- demoAssertNull -->
  <system-out/>
</testsuite> <!-- com.validateLinks.DemoAssertNull -->
