<?xml version="1.0" encoding="UTF-8"?>
<!-- Generated by org.testng.reporters.JUnitReportReporter -->
<testsuite hostname="Sasi" failures="0" tests="1" name="com.nov30.testngAnnotationsGroups.TestGrp" time="0.005" errors="0" timestamp="2021-11-30T06:47:11 IST" skipped="0">
  <testcase classname="com.nov30.testngAnnotationsGroups.TestGrp" name="test1" time="0.005"/>
  <system-out/>
</testsuite> <!-- com.nov30.testngAnnotationsGroups.TestGrp -->
