<?xml version="1.0" encoding="UTF-8"?>
<!-- Generated by org.testng.reporters.JUnitReportReporter -->
<testsuite hostname="Sasi" failures="0" tests="1" name="com.dec15.tests.demo.TakeScreenshotDemo" time="6.972" errors="0" timestamp="2021-12-15T08:58:01 IST" skipped="0">
  <testcase classname="com.dec15.tests.demo.TakeScreenshotDemo" name="demoTest" time="6.972"/>
  <system-out/>
</testsuite> <!-- com.dec15.tests.demo.TakeScreenshotDemo -->
