<?xml version="1.0" encoding="UTF-8"?>
<!-- Generated by org.testng.reporters.JUnitReportReporter -->
<testsuite hostname="Sasi" failures="0" tests="5" name="com.testng.groups.DemoTestngGroups3" time="0.007" errors="0" timestamp="2021-12-01T08:15:35 IST" skipped="0">
  <testcase classname="com.testng.groups.DemoTestngGroups3" name="edge" time="0.001"/>
  <system-out/>
  <testcase classname="com.testng.groups.DemoTestngGroups3" name="chrome" time="0.002"/>
  <system-out/>
  <testcase classname="com.testng.groups.DemoTestngGroups3" name="opera" time="0.001"/>
  <system-out/>
  <testcase classname="com.testng.groups.DemoTestngGroups3" name="safari" time="0.002"/>
  <system-out/>
  <testcase classname="com.testng.groups.DemoTestngGroups3" name="firefox" time="0.001"/>
  <system-out/>
</testsuite> <!-- com.testng.groups.DemoTestngGroups3 -->
