<?xml version="1.0" encoding="UTF-8"?>
<!-- Generated by org.testng.reporters.JUnitReportReporter -->
<testsuite hostname="Sasi" failures="0" tests="1" name="com.selenium.dev.test.SelectRadioButton" time="9.016" errors="0" timestamp="2021-12-10T22:35:39 IST" skipped="0">
  <testcase classname="com.selenium.dev.test.SelectRadioButton" name="test" time="9.016"/>
  <system-out/>
</testsuite> <!-- com.selenium.dev.test.SelectRadioButton -->
