<?xml version="1.0" encoding="UTF-8"?>
<!-- Generated by org.testng.reporters.JUnitReportReporter -->
<testsuite hostname="Sasi" failures="0" tests="1" name="com.booking.LoginLogoutFlow3" time="7.439" errors="0" timestamp="2021-11-25T08:37:32 IST" skipped="0">
  <testcase classname="com.booking.LoginLogoutFlow3" name="LoginLogout" time="7.439"/>
  <system-out/>
</testsuite> <!-- com.booking.LoginLogoutFlow3 -->
