<?xml version="1.0" encoding="UTF-8"?>
<!-- Generated by org.testng.reporters.JUnitReportReporter -->
<testsuite hostname="Sasi" failures="0" tests="1" name="com.dec13.classDemo.StaleElementExceptionDemo" time="4.890" errors="0" timestamp="2021-12-14T07:39:37 IST" skipped="0">
  <testcase classname="com.dec13.classDemo.StaleElementExceptionDemo" name="testStaleElementException" time="4.890"/>
  <system-out/>
</testsuite> <!-- com.dec13.classDemo.StaleElementExceptionDemo -->
