<?xml version="1.0" encoding="UTF-8"?>
<!-- Generated by org.testng.reporters.JUnitReportReporter -->
<testsuite hostname="Sasi" failures="0" tests="1" name="com.dec15.tests.ListenerMainClass" time="8.740" errors="0" timestamp="2021-12-15T04:41:37 IST" skipped="0">
  <testcase classname="com.dec15.tests.ListenerMainClass" name="demoTest" time="8.740"/>
  <system-out/>
</testsuite> <!-- com.dec15.tests.ListenerMainClass -->
