<?xml version="1.0" encoding="UTF-8"?>
<!-- Generated by org.testng.reporters.JUnitReportReporter -->
<testsuite hostname="Sasi" failures="0" tests="1" name="com.selenium.dev.test.DemoPromptAlerts" time="8.486" errors="0" timestamp="2021-12-11T17:19:20 IST" skipped="0">
  <testcase classname="com.selenium.dev.test.DemoPromptAlerts" name="test" time="8.486"/>
  <system-out/>
</testsuite> <!-- com.selenium.dev.test.DemoPromptAlerts -->
