<?xml version="1.0" encoding="UTF-8"?>
<!-- Generated by org.testng.reporters.JUnitReportReporter -->
<testsuite hostname="Sasi" failures="0" tests="2" name="com.dataProvider.DemoLogin_DP2" time="62.387" errors="0" timestamp="2021-12-07T08:08:01 IST" skipped="0">
  <testcase classname="com.dataProvider.DemoLogin_DP2" name="getRole" time="31.355"/>
  <system-out/>
  <testcase classname="com.dataProvider.DemoLogin_DP2" name="getRole" time="31.032"/>
  <system-out/>
</testsuite> <!-- com.dataProvider.DemoLogin_DP2 -->
