<?xml version="1.0" encoding="UTF-8"?>
<!-- Generated by org.testng.reporters.JUnitReportReporter -->
<testsuite hostname="Sasi" failures="0" tests="1" name="com.selenium.dev.test.DemoRdio" time="5.991" errors="0" timestamp="2021-12-11T08:23:51 IST" skipped="0">
  <testcase classname="com.selenium.dev.test.DemoRdio" name="validateRadioButton" time="5.991"/>
  <system-out/>
</testsuite> <!-- com.selenium.dev.test.DemoRdio -->
