<?xml version="1.0" encoding="UTF-8"?>
<!-- Generated by org.testng.reporters.JUnitReportReporter -->
<testsuite hostname="Sasi" failures="0" tests="1" name="com.dec14.tests.DemokeyDown" time="4.710" errors="0" timestamp="2021-12-14T08:54:25 IST" skipped="0">
  <testcase classname="com.dec14.tests.DemokeyDown" name="test" time="4.710"/>
  <system-out/>
</testsuite> <!-- com.dec14.tests.DemokeyDown -->
