<?xml version="1.0" encoding="UTF-8"?>
<!-- Generated by org.testng.reporters.JUnitReportReporter -->
<testsuite hostname="Sasi" failures="0" tests="3" name="com.dec15.testsclass.ParallelTestDemo" time="42.486" errors="0" timestamp="2021-12-15T08:02:53 IST" skipped="1">
  <testcase classname="com.dec15.testsclass.ParallelTestDemo" name="test1" time="9.970"/>
  <system-out/>
  <testcase classname="com.dec15.testsclass.ParallelTestDemo" name="test2" time="32.516"/>
  <system-out/>
  <testcase classname="com.dec15.testsclass.ParallelTestDemo" name="test3">
    <skipped/>
  </testcase> <!-- test3 -->
  <system-out/>
</testsuite> <!-- com.dec15.testsclass.ParallelTestDemo -->
