<?xml version="1.0" encoding="UTF-8"?>
<!-- Generated by org.testng.reporters.JUnitReportReporter -->
<testsuite hostname="Sasi" failures="0" tests="1" name="com.actionsClass.DemokeyDown" time="6.295" errors="0" timestamp="2021-12-13T04:26:21 IST" skipped="0">
  <testcase classname="com.actionsClass.DemokeyDown" name="test" time="6.295"/>
  <system-out/>
</testsuite> <!-- com.actionsClass.DemokeyDown -->
