<?xml version="1.0" encoding="UTF-8"?>
<!-- Generated by org.testng.reporters.JUnitReportReporter -->
<testsuite hostname="Sasi" failures="0" tests="1" name="com.deleteCookies.DemoDeleteCookies" time="7.920" errors="0" timestamp="2021-12-09T07:47:14 IST" skipped="0">
  <testcase classname="com.deleteCookies.DemoDeleteCookies" name="deleteCookies" time="7.920"/>
  <system-out/>
</testsuite> <!-- com.deleteCookies.DemoDeleteCookies -->
