<?xml version="1.0" encoding="UTF-8"?>
<!-- Generated by org.testng.reporters.JUnitReportReporter -->
<testsuite hostname="Sasi" failures="0" tests="1" name="com.selenium.dev.test.demonaukri" time="15.975" errors="0" timestamp="2021-12-11T17:54:34 IST" skipped="0">
  <testcase classname="com.selenium.dev.test.demonaukri" name="test" time="15.975"/>
  <system-out/>
</testsuite> <!-- com.selenium.dev.test.demonaukri -->
