<?xml version="1.0" encoding="UTF-8"?>
<!-- Generated by org.testng.reporters.JUnitReportReporter -->
<testsuite hostname="Sasi" failures="0" tests="1" name="com.dec14.tests.MouseHover" time="11.682" errors="0" timestamp="2021-12-14T08:08:20 IST" skipped="0">
  <testcase classname="com.dec14.tests.MouseHover" name="mouseHoveronWebElement" time="11.682"/>
  <system-out/>
</testsuite> <!-- com.dec14.tests.MouseHover -->
