<?xml version="1.0" encoding="UTF-8"?>
<!-- Generated by org.testng.reporters.JUnitReportReporter -->
<testsuite hostname="Sasi" failures="0" tests="4" name="com.nov30.testngAnnotationsGroups.Demoannotations" time="0.014" errors="0" timestamp="2021-11-30T08:17:04 IST" skipped="0">
  <testcase classname="com.nov30.testngAnnotationsGroups.Demoannotations" name="test3" time="0.003"/>
  <system-out/>
  <testcase classname="com.nov30.testngAnnotationsGroups.Demoannotations" name="test4" time="0.001"/>
  <system-out/>
  <testcase classname="com.nov30.testngAnnotationsGroups.Demoannotations" name="test1" time="0.008"/>
  <system-out/>
  <testcase classname="com.nov30.testngAnnotationsGroups.Demoannotations" name="test2" time="0.002"/>
  <system-out/>
</testsuite> <!-- com.nov30.testngAnnotationsGroups.Demoannotations -->
