<?xml version="1.0" encoding="UTF-8"?>
<!-- Generated by org.testng.reporters.JUnitReportReporter -->
<testsuite hostname="Sasi" failures="0" tests="1" name="com.validateLinks.DemoSoftAsserts" time="6.028" errors="0" timestamp="2021-11-30T05:32:01 IST" skipped="0">
  <testcase classname="com.validateLinks.DemoSoftAsserts" name="test" time="6.028"/>
  <system-out/>
</testsuite> <!-- com.validateLinks.DemoSoftAsserts -->
