<?xml version="1.0" encoding="UTF-8"?>
<!-- Generated by org.testng.reporters.JUnitReportReporter -->
<testsuite hostname="Sasi" failures="0" tests="1" name="com.getMethods.DemoGetMethods" time="4.089" errors="0" timestamp="2021-11-26T06:31:25 IST" skipped="0">
  <testcase classname="com.getMethods.DemoGetMethods" name="test" time="4.089"/>
  <system-out/>
</testsuite> <!-- com.getMethods.DemoGetMethods -->
