<?xml version="1.0" encoding="UTF-8"?>
<!-- Generated by org.testng.reporters.JUnitReportReporter -->
<testsuite hostname="Sasi" failures="0" tests="1" name="com.booking.LoginLogoutFlow2" time="20.966" errors="0" timestamp="2021-11-25T08:04:58 IST" skipped="0">
  <testcase classname="com.booking.LoginLogoutFlow2" name="LoginLogout" time="20.966"/>
  <system-out/>
</testsuite> <!-- com.booking.LoginLogoutFlow2 -->
