<?xml version="1.0" encoding="UTF-8"?>
<!-- Generated by org.testng.reporters.JUnitReportReporter -->
<testsuite hostname="Sasi" failures="0" tests="1" name="com.validateLinks.ValidateLinksDemo2" time="12.800" errors="0" timestamp="2021-11-27T10:00:53 IST" skipped="0">
  <testcase classname="com.validateLinks.ValidateLinksDemo2" name="testLinks" time="12.800"/>
  <system-out/>
</testsuite> <!-- com.validateLinks.ValidateLinksDemo2 -->
