<?xml version="1.0" encoding="UTF-8"?>
<!-- Generated by org.testng.reporters.JUnitReportReporter -->
<testsuite hostname="Sasi" failures="0" tests="1" name="com.calendar.DemoCalendar" time="6.048" errors="0" timestamp="2021-12-13T04:12:35 IST" skipped="0">
  <testcase classname="com.calendar.DemoCalendar" name="test" time="6.048"/>
  <system-out/>
</testsuite> <!-- com.calendar.DemoCalendar -->
