<?xml version="1.0" encoding="UTF-8"?>
<!-- Generated by org.testng.reporters.JUnitReportReporter -->
<testsuite hostname="Sasi" failures="0" tests="2" name="com.Examples.DemoGetText" time="40.527" errors="0" timestamp="2021-11-26T08:38:12 IST" skipped="0">
  <testcase classname="com.Examples.DemoGetText" name="test2" time="26.375"/>
  <system-out/>
  <testcase classname="com.Examples.DemoGetText" name="test3" time="14.152"/>
  <system-out/>
</testsuite> <!-- com.Examples.DemoGetText -->
