<?xml version="1.0" encoding="UTF-8"?>
<!-- Generated by org.testng.reporters.JUnitReportReporter -->
<testsuite hostname="Sasi" failures="0" tests="1" name="com.validateLinks.DemoWebtableData" time="19.109" errors="0" timestamp="2021-11-28T11:24:34 IST" skipped="0">
  <testcase classname="com.validateLinks.DemoWebtableData" name="getRole" time="19.109"/>
  <system-out/>
</testsuite> <!-- com.validateLinks.DemoWebtableData -->
