<?xml version="1.0" encoding="UTF-8"?>
<!-- Generated by org.testng.reporters.JUnitReportReporter -->
<testsuite hostname="Sasi" failures="0" tests="2" name="com.Examples.DemoGetText" time="44.224" errors="0" timestamp="2021-11-26T08:01:53 IST" skipped="0">
  <testcase classname="com.Examples.DemoGetText" name="test1" time="18.630"/>
  <system-out/>
  <testcase classname="com.Examples.DemoGetText" name="test2" time="25.594"/>
  <system-out/>
</testsuite> <!-- com.Examples.DemoGetText -->
