<?xml version="1.0" encoding="UTF-8"?>
<!-- Generated by org.testng.reporters.JUnitReportReporter -->
<testsuite hostname="Sasi" failures="0" tests="1" name="com.selenium.dev.test.DemoNewTab" time="11.297" errors="0" timestamp="2021-12-11T18:15:14 IST" skipped="0">
  <testcase classname="com.selenium.dev.test.DemoNewTab" name="test" time="11.297"/>
  <system-out/>
</testsuite> <!-- com.selenium.dev.test.DemoNewTab -->
