<?xml version="1.0" encoding="UTF-8"?>
<!-- Generated by org.testng.reporters.JUnitReportReporter -->
<testsuite hostname="Sasi" failures="0" tests="1" name="com.dec15.tests.TakeScreenshotDemo" time="5.906" errors="0" timestamp="2021-12-15T04:19:27 IST" skipped="0">
  <testcase classname="com.dec15.tests.TakeScreenshotDemo" name="demoTest" time="5.906"/>
  <system-out/>
</testsuite> <!-- com.dec15.tests.TakeScreenshotDemo -->
